\BOOKMARK [1][-]{section.0.1}{\376\377\000I\000n\000t\000r\000o\000d\000u\000c\000t\000i\000o\000n}{}% 1
\BOOKMARK [1][-]{section.0.2}{\376\377\000N\000e\000u\000r\000o\000s\000y\000m\000b\000o\000l\000i\000c\000\040\000f\000r\000a\000m\000e\000w\000o\000r\000k\000s}{}% 2
\BOOKMARK [2][-]{subsection.0.2.1}{\376\377\000M\000o\000n\000a\000d\000s}{section.0.2}% 3
\BOOKMARK [2][-]{subsection.0.2.2}{\376\377\000D\000o\000u\000b\000l\000e\000\040\000C\000o\000m\000m\000u\000t\000a\000t\000i\000v\000e\000\040\000M\000o\000n\000o\000i\000d\000\040\000L\000a\000t\000t\000i\000c\000e\000s}{section.0.2}% 4
\BOOKMARK [2][-]{subsection.0.2.3}{\376\377\000N\000e\000u\000r\000o\000s\000y\000m\000b\000o\000l\000i\000c\000\040\000f\000r\000a\000m\000e\000w\000o\000r\000k\000s}{section.0.2}% 5
\BOOKMARK [1][-]{section.0.3}{\376\377\000S\000y\000n\000t\000a\000x\000\040\000a\000n\000d\000\040\000S\000e\000m\000a\000n\000t\000i\000c\000s\000\040\000o\000f\000\040\000M\000o\000n\000a\000d\000i\000c\000\040\000U\000L\000L\000E\000R}{}% 6
\BOOKMARK [2][-]{subsection.0.3.1}{\376\377\000S\000y\000n\000t\000a\000x\000\040\000o\000f\000\040\000F\000i\000r\000s\000t\000-\000O\000r\000d\000e\000r\000\040\000L\000o\000g\000i\000c}{section.0.3}% 7
\BOOKMARK [2][-]{subsection.0.3.2}{\376\377\000T\000a\000r\000s\000k\000i\000a\000n\000\040\000S\000e\000m\000a\000n\000t\000i\000c\000s}{section.0.3}% 8
\BOOKMARK [1][-]{section.0.4}{\376\377\000E\000x\000a\000m\000p\000l\000e\000s\000\040\000o\000f\000\040\000M\000o\000n\000a\000d\000\040\000S\000e\000m\000a\000n\000t\000i\000c\000s}{}% 9
\BOOKMARK [2][-]{subsection.0.4.1}{\376\377\000C\000l\000a\000s\000s\000i\000c\000a\000l\000\040\000a\000n\000d\000\040\000T\000h\000r\000e\000e\000-\000v\000a\000l\000u\000e\000d\000\040\000S\000e\000m\000a\000n\000t\000i\000c\000s}{section.0.4}% 10
\BOOKMARK [2][-]{subsection.0.4.2}{\376\377\000P\000r\000o\000b\000a\000b\000i\000l\000i\000s\000t\000i\000c\000/\000D\000i\000s\000t\000r\000i\000b\000u\000t\000i\000o\000n\000a\000l\000\040\000S\000e\000m\000a\000n\000t\000i\000c\000s}{section.0.4}% 11
\BOOKMARK [2][-]{subsection.0.4.3}{\376\377\000N\000e\000S\000y\000\040\000F\000r\000a\000m\000e\000w\000o\000r\000k\000\040\000S\000h\000i\000f\000t\000s}{section.0.4}% 12
\BOOKMARK [2][-]{subsection.0.4.4}{\376\377\000S\000a\000m\000p\000l\000i\000n\000g}{section.0.4}% 13
\BOOKMARK [1][-]{section.0.5}{\376\377\000C\000o\000n\000c\000l\000u\000s\000i\000o\000n}{}% 14
\BOOKMARK [1][-]{section.0.A}{\376\377\000G\000e\000n\000e\000r\000a\000l\000\040\000n\000o\000t\000e\000\040\000o\000n\000\040\000S\000u\000p\000p\000l\000e\000m\000e\000n\000t\000a\000r\000y\000\040\000M\000a\000t\000e\000r\000i\000a\000l}{}% 15
\BOOKMARK [1][-]{section.0.B}{\376\377\000P\000r\000o\000b\000a\000b\000i\000l\000i\000s\000t\000i\000c\000\040\000S\000e\000m\000a\000n\000t\000i\000c\000s\000\040\000C\000a\000l\000c\000u\000l\000a\000t\000i\000o\000n\000\040\000a\000n\000d\000\040\000T\000h\000e\000o\000r\000y}{}% 16
\BOOKMARK [1][-]{section.0.C}{\376\377\000L\000o\000g\000i\000c\000\040\000T\000e\000n\000s\000o\000r\000\040\000N\000e\000t\000w\000o\000r\000k\000s\000\040\000B\000a\000c\000k\000g\000r\000o\000u\000n\000d}{}% 17
\BOOKMARK [1][-]{section.0.D}{\376\377\000P\000o\000s\000s\000i\000b\000i\000l\000i\000s\000t\000i\000c\000\040\000S\000e\000m\000a\000n\000t\000i\000c\000s\000\040\000a\000n\000d\000\040\000S\000T\000L}{}% 18
\BOOKMARK [2][-]{subsection.0.D.1}{\376\377\000P\000o\000s\000s\000i\000b\000i\000l\000i\000s\000t\000i\000c\000\040\000S\000e\000m\000a\000n\000t\000i\000c\000s}{section.0.D}% 19
\BOOKMARK [3][-]{subsubsection.0.D.1.1}{\376\377\000S\000u\000b\000-\000d\000i\000s\000t\000r\000i\000b\000u\000t\000i\000o\000n\000\040\000M\000o\000n\000a\000d}{subsection.0.D.1}% 20
\BOOKMARK [3][-]{subsubsection.0.D.1.2}{\376\377\000P\000o\000s\000s\000i\000b\000i\000l\000i\000t\000y\000\040\000M\000o\000n\000a\000d\000\040}{subsection.0.D.1}% 21
\BOOKMARK [3][-]{subsubsection.0.D.1.3}{\376\377\000S\000T\000L\000\040\000M\000o\000n\000a\000d}{subsection.0.D.1}% 22
\BOOKMARK [3][-]{subsubsection.0.D.1.4}{\376\377\000E\000x\000p\000a\000n\000d\000e\000d\000\040\000N\000e\000S\000y\000\040\000s\000h\000i\000f\000t\000s\000\040\000d\000i\000a\000g\000r\000a\000m}{subsection.0.D.1}% 23
\BOOKMARK [1][-]{section.0.E}{\376\377\000F\000u\000z\000z\000y\000\040\000S\000e\000m\000a\000n\000t\000i\000c\000s\000\040\000w\000i\000t\000h\000\040\000C\000o\000m\000p\000u\000t\000a\000t\000i\000o\000n\000a\000l\000\040\000F\000u\000n\000c\000t\000i\000o\000n\000s}{}% 24
\BOOKMARK [2][-]{subsection.0.E.1}{\376\377\000P\000s\000e\000u\000d\000o\000\040\000G\000i\000r\000y\000\040\000m\000o\000n\000a\000d}{section.0.E}% 25
\BOOKMARK [2][-]{subsection.0.E.2}{\376\377\000C\000a\000n\000o\000n\000i\000c\000a\000l\000\040\000p\000s\000e\000u\000d\000o\040\023\000m\000u\000l\000t\000i\000p\000l\000i\000c\000a\000t\000i\000o\000n\000s\000\040\000f\000o\000r\000\040\000s\000t\000r\000i\000c\000t\000\040\000c\000o\000n\000t\000i\000n\000u\000o\000u\000s\000\040\000t\000-\000c\000o\000n\000o\000r\000m\000s}{section.0.E}% 26
\BOOKMARK [2][-]{subsection.0.E.3}{\376\377\000R\000e\000l\000a\000t\000i\000o\000n\000\040\000t\000o\000\040\000t\000h\000e\000\040\000F\000i\000n\000i\000t\000e\000\040\000F\000u\000z\000z\000y\000\040\000S\000e\000m\000a\000n\000t\000i\000c\000s\000\040\000o\000f\000\040\000U\000L\000L\000E\000R}{section.0.E}% 27
\BOOKMARK [1][-]{section.0.F}{\376\377\000T\000y\000p\000e\000\040\000C\000h\000e\000c\000k\000i\000n\000g}{}% 28
